#
# A fatal error has been detected by the Java Runtime Environment:
#
#  EXCEPTION_ACCESS_VIOLATION (0xc0000005) at pc=0x000000001000c532, pid=4664, tid=0x0000000000003344
#
# JRE version: Java(TM) SE Runtime Environment (8.0_261-b12) (build 1.8.0_261-b12)
# Java VM: Java HotSpot(TM) 64-Bit Server VM (25.261-b12 mixed mode windows-amd64 compressed oops)
# Problematic frame:
# C  [javaxt-core64.dll+0xc532]
#
# Failed to write core dump. Minidumps are not enabled by default on client versions of Windows
#
# If you would like to submit a bug report, please visit:
#   http://bugreport.java.com/bugreport/crash.jsp
# The crash happened outside the Java Virtual Machine in native code.
# See problematic frame for where to report the bug.
#

---------------  T H R E A D  ---------------

Current thread (0x000001d184886800):  JavaThread "Thread-13" daemon [_thread_in_native, id=13124, stack(0x0000007814400000,0x0000007814500000)]

siginfo: ExceptionCode=0xc0000005, reading address 0x0000000000000000

Registers:
RAX=0x0000000000000000, RBX=0x000001d185ee0d41, RCX=0x000001d185ee0000, RDX=0x000001d185ee0000
RSP=0x00000078144ff4f0, RBP=0x000000000000000b, RSI=0x000001d185ee0ba2, RDI=0x00000078144ff5c8
R8 =0x000001d185df0fc0, R9 =0x0000000000000001, R10=0x0000000000008000, R11=0x00000078144ff450
R12=0x00000078144ff5c0, R13=0x0000000000000006, R14=0x0000000000000000, R15=0x00000000100224fc
RIP=0x000000001000c532, EFLAGS=0x0000000000010206

Top of Stack: (sp=0x00000078144ff4f0)
0x00000078144ff4f0:   00000078144ff5c0 0000000010022918
0x00000078144ff500:   000001d185ee0d41 000001d185ee0ba2
0x00000078144ff510:   0000000000000013 00000078144ff578
0x00000078144ff520:   0000000000000000 0000000000000000
0x00000078144ff530:   000001d184886800 000001d1fee53eea
0x00000078144ff540:   000001d185ee0d41 0000000000000018
0x00000078144ff550:   000000000000001f 0000000055c1151e
0x00000078144ff560:   000001d185ee99d2 0000000000000018
0x00000078144ff570:   000000000000001f 0000000000000022
0x00000078144ff580:   00000000000000b6 000001d185ee8ad2
0x00000078144ff590:   000000000000000b 000000000000001f
0x00000078144ff5a0:   000000005f8ef15e 00000078144ff628
0x00000078144ff5b0:   000000001002c068 0000000000000000
0x00000078144ff5c0:   000000001002c060 00000000100225b0
0x00000078144ff5d0:   000001d185ee8bb0 000001d185ee8bb0
0x00000078144ff5e0:   00000078144ff5d0 00000078144ff5d8 

Instructions: (pc=0x000000001000c532)
0x000000001000c512:   41 ff 84 c0 74 0a 3c ff 74 06 80 41 ff ff eb 09
0x000000001000c522:   48 83 c1 fe e8 b5 06 00 00 48 8b 05 8e 11 02 00
0x000000001000c532:   8b 08 85 c9 74 0c 48 01 0d 81 11 02 00 48 8b c1
0x000000001000c542:   eb 07 4c 89 35 75 11 02 00 48 8b 8c 24 98 00 00 


Register to memory mapping:

RAX=0x0000000000000000 is an unknown value
RBX=0x000001d185ee0d41 is an unknown value
RCX=0x000001d185ee0000 is an unknown value
RDX=0x000001d185ee0000 is an unknown value
RSP=0x00000078144ff4f0 is pointing into the stack for thread: 0x000001d184886800
RBP=0x000000000000000b is an unknown value
RSI=0x000001d185ee0ba2 is an unknown value
RDI=0x00000078144ff5c8 is pointing into the stack for thread: 0x000001d184886800
R8 =0x000001d185df0fc0 is an unknown value
R9 =0x0000000000000001 is an unknown value
R10=0x0000000000008000 is an unknown value
R11=0x00000078144ff450 is pointing into the stack for thread: 0x000001d184886800
R12=0x00000078144ff5c0 is pointing into the stack for thread: 0x000001d184886800
R13=0x0000000000000006 is an unknown value
R14=0x0000000000000000 is an unknown value
R15=0x00000000100224fc is an unknown value


Stack: [0x0000007814400000,0x0000007814500000],  sp=0x00000078144ff4f0,  free space=1021k
Native frames: (J=compiled Java code, j=interpreted, Vv=VM code, C=native code)
C  [javaxt-core64.dll+0xc532]
C  0x000001d1ea739f4e

Java frames: (J=compiled Java code, j=interpreted, Vv=VM code)
j  javaxt.io.FileSystemWatcherNative.ReadDirectoryChangesW()Ljava/lang/String;+0
j  javaxt.io.FileSystemWatcher.run()V+86
j  java.lang.Thread.run()V+11
v  ~StubRoutines::call_stub

---------------  P R O C E S S  ---------------

Java Threads: ( => current thread )
  0x000001d184889000 JavaThread "Thread-14" daemon [_thread_in_native, id=16468, stack(0x0000007812900000,0x0000007812a00000)]
=>0x000001d184886800 JavaThread "Thread-13" daemon [_thread_in_native, id=13124, stack(0x0000007814400000,0x0000007814500000)]
  0x000001d184886000 JavaThread "taskExecutor-1" [_thread_blocked, id=5740, stack(0x0000007814300000,0x0000007814400000)]
  0x000001d184888000 JavaThread "DestroyJavaVM" [_thread_blocked, id=17404, stack(0x0000007812c00000,0x0000007812d00000)]
  0x000001d18488a800 JavaThread "http-nio-8092-AsyncTimeout" daemon [_thread_blocked, id=15640, stack(0x0000007815f00000,0x0000007816000000)]
  0x000001d18488c800 JavaThread "http-nio-8092-Acceptor-0" daemon [_thread_in_native, id=16940, stack(0x0000007815e00000,0x0000007815f00000)]
  0x000001d18487e800 JavaThread "http-nio-8092-ClientPoller-1" daemon [_thread_in_native, id=7400, stack(0x0000007815d00000,0x0000007815e00000)]
  0x000001d184885000 JavaThread "http-nio-8092-ClientPoller-0" daemon [_thread_in_native, id=2020, stack(0x0000007815c00000,0x0000007815d00000)]
  0x000001d184881800 JavaThread "http-nio-8092-exec-10" daemon [_thread_blocked, id=8596, stack(0x0000007815b00000,0x0000007815c00000)]
  0x000001d184880800 JavaThread "http-nio-8092-exec-9" daemon [_thread_blocked, id=10276, stack(0x0000007815a00000,0x0000007815b00000)]
  0x000001d18487d800 JavaThread "http-nio-8092-exec-8" daemon [_thread_blocked, id=10424, stack(0x0000007815900000,0x0000007815a00000)]
  0x000001d184884800 JavaThread "http-nio-8092-exec-7" daemon [_thread_blocked, id=15560, stack(0x0000007815800000,0x0000007815900000)]
  0x000001d184882000 JavaThread "http-nio-8092-exec-6" daemon [_thread_blocked, id=10272, stack(0x0000007815700000,0x0000007815800000)]
  0x000001d184883800 JavaThread "http-nio-8092-exec-5" daemon [_thread_blocked, id=1700, stack(0x0000007815600000,0x0000007815700000)]
  0x000001d184883000 JavaThread "http-nio-8092-exec-4" daemon [_thread_blocked, id=14672, stack(0x0000007815500000,0x0000007815600000)]
  0x000001d184880000 JavaThread "http-nio-8092-exec-3" daemon [_thread_blocked, id=5136, stack(0x0000007815400000,0x0000007815500000)]
  0x000001d18487f000 JavaThread "http-nio-8092-exec-2" daemon [_thread_blocked, id=14120, stack(0x0000007815300000,0x0000007815400000)]
  0x000001d182be3800 JavaThread "http-nio-8092-exec-1" daemon [_thread_blocked, id=6736, stack(0x0000007815200000,0x0000007815300000)]
  0x000001d182be2800 JavaThread "NioBlockingSelector.BlockPoller-1" daemon [_thread_in_native, id=16188, stack(0x0000007815000000,0x0000007815100000)]
  0x000001d182bdf000 JavaThread "Live Reload Server" daemon [_thread_in_native, id=15208, stack(0x0000007815100000,0x0000007815200000)]
  0x000001d182bdf800 JavaThread "File Watcher" daemon [_thread_blocked, id=14736, stack(0x0000007814f00000,0x0000007815000000)]
  0x000001d182bdd800 JavaThread "MVStore background writer nio:C:/Users/sivan/task.mv.db" daemon [_thread_blocked, id=16876, stack(0x0000007814e00000,0x0000007814f00000)]
  0x000001d182be2000 JavaThread "Tomcat JDBC Pool Cleaner[1984697014:1603203240940]" daemon [_thread_blocked, id=15768, stack(0x0000007814d00000,0x0000007814e00000)]
  0x000001d182be4000 JavaThread "container-0" [_thread_blocked, id=12880, stack(0x0000007814c00000,0x0000007814d00000)]
  0x000001d182be0800 JavaThread "ContainerBackgroundProcessor[StandardEngine[Tomcat]]" daemon [_thread_blocked, id=1344, stack(0x0000007814b00000,0x0000007814c00000)]
  0x000001d181fbb000 JavaThread "JMX server connection timeout 21" daemon [_thread_blocked, id=15176, stack(0x0000007814800000,0x0000007814900000)]
  0x000001d181fbc000 JavaThread "RMI TCP Connection(6)-127.0.0.1" daemon [_thread_in_native, id=15028, stack(0x0000007814700000,0x0000007814800000)]
  0x000001d181fb5800 JavaThread "RMI Scheduler(0)" daemon [_thread_blocked, id=17280, stack(0x0000007814600000,0x0000007814700000)]
  0x000001d181757000 JavaThread "RMI TCP Accept-0" daemon [_thread_in_native, id=5672, stack(0x0000007814100000,0x0000007814200000)]
  0x000001d18174b000 JavaThread "RMI TCP Accept-64037" daemon [_thread_in_native, id=13808, stack(0x0000007814000000,0x0000007814100000)]
  0x000001d18173b800 JavaThread "RMI TCP Accept-0" daemon [_thread_in_native, id=16812, stack(0x0000007813f00000,0x0000007814000000)]
  0x000001d180cf8800 JavaThread "Service Thread" daemon [_thread_blocked, id=15304, stack(0x0000007813e00000,0x0000007813f00000)]
  0x000001d1feead800 JavaThread "C1 CompilerThread3" daemon [_thread_blocked, id=16716, stack(0x0000007813d00000,0x0000007813e00000)]
  0x000001d1feea8800 JavaThread "C2 CompilerThread2" daemon [_thread_blocked, id=10056, stack(0x0000007813c00000,0x0000007813d00000)]
  0x000001d1feea2800 JavaThread "C2 CompilerThread1" daemon [_thread_blocked, id=8100, stack(0x0000007813b00000,0x0000007813c00000)]
  0x000001d1fee9f800 JavaThread "C2 CompilerThread0" daemon [_thread_blocked, id=4908, stack(0x0000007813a00000,0x0000007813b00000)]
  0x000001d1fee9e000 JavaThread "Attach Listener" daemon [_thread_blocked, id=4372, stack(0x0000007813900000,0x0000007813a00000)]
  0x000001d1fee9d000 JavaThread "Signal Dispatcher" daemon [_thread_blocked, id=6648, stack(0x0000007813800000,0x0000007813900000)]
  0x000001d1fee75800 JavaThread "Finalizer" daemon [_thread_blocked, id=15188, stack(0x0000007813700000,0x0000007813800000)]
  0x000001d1fee4e800 JavaThread "Reference Handler" daemon [_thread_blocked, id=16012, stack(0x0000007813600000,0x0000007813700000)]

Other Threads:
  0x000001d1fee46800 VMThread [stack: 0x0000007813500000,0x0000007813600000] [id=16436]
  0x000001d18175c000 WatcherThread [stack: 0x0000007814200000,0x0000007814300000] [id=16280]

VM state:not at safepoint (normal execution)

VM Mutex/Monitor currently owned by a thread: None

heap address: 0x0000000082a00000, size: 2006 MB, Compressed Oops mode: 32-bit
Narrow klass base: 0x0000000000000000, Narrow klass shift: 3
Compressed class space size: 1073741824 Address: 0x0000000100000000

Heap:
 PSYoungGen      total 296448K, used 34824K [0x00000000d6380000, 0x00000000edb80000, 0x0000000100000000)
  eden space 276992K, 7% used [0x00000000d6380000,0x00000000d7679fb0,0x00000000e7200000)
  from space 19456K, 79% used [0x00000000e7200000,0x00000000e81081b0,0x00000000e8500000)
  to   space 20480K, 0% used [0x00000000ec780000,0x00000000ec780000,0x00000000edb80000)
 ParOldGen       total 92672K, used 22576K [0x0000000082a00000, 0x0000000088480000, 0x00000000d6380000)
  object space 92672K, 24% used [0x0000000082a00000,0x000000008400c098,0x0000000088480000)
 Metaspace       used 46914K, capacity 47638K, committed 47872K, reserved 1091584K
  class space    used 6212K, capacity 6393K, committed 6400K, reserved 1048576K

Card table byte_map: [0x000001d1f9ae0000,0x000001d1f9ed0000] byte_map_base: 0x000001d1f96cb000

Marking Bits: (ParMarkBitMap*) 0x0000000056334fb0
 Begin Bits: [0x000001d1fa170000, 0x000001d1fc0c8000)
 End Bits:   [0x000001d1fc0c8000, 0x000001d1fe020000)

Polling page: 0x000001d1e8e60000

CodeCache: size=245760Kb used=10941Kb max_used=10941Kb free=234819Kb
 bounds [0x000001d1ea720000, 0x000001d1eb1e0000, 0x000001d1f9720000]
 total_blobs=5630 nmethods=5090 adapters=452
 compilation: enabled

Compilation events (10 events):
Event: 180.542 Thread 0x000001d1feead800 5190       1       java.lang.invoke.DirectMethodHandle::internalMemberName (8 bytes)
Event: 180.542 Thread 0x000001d1feead800 nmethod 5190 0x000001d1eb1d2e10 code [0x000001d1eb1d2f60, 0x000001d1eb1d3098]
Event: 180.543 Thread 0x000001d1feead800 5191       1       sun.rmi.runtime.Log$LoggerLog::isLoggable (9 bytes)
Event: 180.544 Thread 0x000001d1feead800 nmethod 5191 0x000001d1eb1d3150 code [0x000001d1eb1d32a0, 0x000001d1eb1d33f8]
Event: 180.544 Thread 0x000001d1feead800 5192       1       java.io.BufferedOutputStream::flushBuffer (29 bytes)
Event: 180.545 Thread 0x000001d1feead800 nmethod 5192 0x000001d1eb1d34d0 code [0x000001d1eb1d3620, 0x000001d1eb1d3790]
Event: 183.471 Thread 0x000001d1feead800 5193       1       sun.util.locale.provider.LocaleResources::removeEmptyReferences (33 bytes)
Event: 183.472 Thread 0x000001d1feead800 nmethod 5193 0x000001d1eb1d3810 code [0x000001d1eb1d39a0, 0x000001d1eb1d3d20]
Event: 183.472 Thread 0x000001d1feead800 5194  s    1       java.io.BufferedOutputStream::flush (12 bytes)
Event: 183.473 Thread 0x000001d1feead800 nmethod 5194 0x000001d1eb1d3ed0 code [0x000001d1eb1d4040, 0x000001d1eb1d4340]

GC Heap History (10 events):
Event: 2.507 GC heap before
{Heap before GC invocations=9 (full 1):
 PSYoungGen      total 141312K, used 141311K [0x00000000d6380000, 0x00000000e4700000, 0x0000000100000000)
  eden space 131072K, 100% used [0x00000000d6380000,0x00000000de380000,0x00000000de380000)
  from space 10240K, 99% used [0x00000000de380000,0x00000000ded7ff98,0x00000000ded80000)
  to   space 12288K, 0% used [0x00000000e3b00000,0x00000000e3b00000,0x00000000e4700000)
 ParOldGen       total 59392K, used 10790K [0x0000000082a00000, 0x0000000086400000, 0x00000000d6380000)
  object space 59392K, 18% used [0x0000000082a00000,0x0000000083489898,0x0000000086400000)
 Metaspace       used 31103K, capacity 31642K, committed 31872K, reserved 1077248K
  class space    used 4059K, capacity 4172K, committed 4224K, reserved 1048576K
Event: 2.517 GC heap after
Heap after GC invocations=9 (full 1):
 PSYoungGen      total 217600K, used 12264K [0x00000000d6380000, 0x00000000e4a00000, 0x0000000100000000)
  eden space 205312K, 0% used [0x00000000d6380000,0x00000000d6380000,0x00000000e2c00000)
  from space 12288K, 99% used [0x00000000e3b00000,0x00000000e46fa380,0x00000000e4700000)
  to   space 15360K, 0% used [0x00000000e2c00000,0x00000000e2c00000,0x00000000e3b00000)
 ParOldGen       total 59392K, used 14130K [0x0000000082a00000, 0x0000000086400000, 0x00000000d6380000)
  object space 59392K, 23% used [0x0000000082a00000,0x00000000837cca20,0x0000000086400000)
 Metaspace       used 31103K, capacity 31642K, committed 31872K, reserved 1077248K
  class space    used 4059K, capacity 4172K, committed 4224K, reserved 1048576K
}
Event: 2.723 GC heap before
{Heap before GC invocations=10 (full 1):
 PSYoungGen      total 217600K, used 48833K [0x00000000d6380000, 0x00000000e4a00000, 0x0000000100000000)
  eden space 205312K, 17% used [0x00000000d6380000,0x00000000d8736468,0x00000000e2c00000)
  from space 12288K, 99% used [0x00000000e3b00000,0x00000000e46fa380,0x00000000e4700000)
  to   space 15360K, 0% used [0x00000000e2c00000,0x00000000e2c00000,0x00000000e3b00000)
 ParOldGen       total 59392K, used 14130K [0x0000000082a00000, 0x0000000086400000, 0x00000000d6380000)
  object space 59392K, 23% used [0x0000000082a00000,0x00000000837cca20,0x0000000086400000)
 Metaspace       used 34856K, capacity 35328K, committed 35456K, reserved 1079296K
  class space    used 4575K, capacity 4717K, committed 4736K, reserved 1048576K
Event: 2.734 GC heap after
Heap after GC invocations=10 (full 1):
 PSYoungGen      total 220672K, used 15344K [0x00000000d6380000, 0x00000000e9980000, 0x0000000100000000)
  eden space 205312K, 0% used [0x00000000d6380000,0x00000000d6380000,0x00000000e2c00000)
  from space 15360K, 99% used [0x00000000e2c00000,0x00000000e3afc3f8,0x00000000e3b00000)
  to   space 17408K, 0% used [0x00000000e8880000,0x00000000e8880000,0x00000000e9980000)
 ParOldGen       total 59392K, used 14329K [0x0000000082a00000, 0x0000000086400000, 0x00000000d6380000)
  object space 59392K, 24% used [0x0000000082a00000,0x00000000837fe5d0,0x0000000086400000)
 Metaspace       used 34856K, capacity 35328K, committed 35456K, reserved 1079296K
  class space    used 4575K, capacity 4717K, committed 4736K, reserved 1048576K
}
Event: 2.734 GC heap before
{Heap before GC invocations=11 (full 2):
 PSYoungGen      total 220672K, used 15344K [0x00000000d6380000, 0x00000000e9980000, 0x0000000100000000)
  eden space 205312K, 0% used [0x00000000d6380000,0x00000000d6380000,0x00000000e2c00000)
  from space 15360K, 99% used [0x00000000e2c00000,0x00000000e3afc3f8,0x00000000e3b00000)
  to   space 17408K, 0% used [0x00000000e8880000,0x00000000e8880000,0x00000000e9980000)
 ParOldGen       total 59392K, used 14329K [0x0000000082a00000, 0x0000000086400000, 0x00000000d6380000)
  object space 59392K, 24% used [0x0000000082a00000,0x00000000837fe5d0,0x0000000086400000)
 Metaspace       used 34856K, capacity 35328K, committed 35456K, reserved 1079296K
  class space    used 4575K, capacity 4717K, committed 4736K, reserved 1048576K
Event: 2.773 GC heap after
Heap after GC invocations=11 (full 2):
 PSYoungGen      total 220672K, used 0K [0x00000000d6380000, 0x00000000e9980000, 0x0000000100000000)
  eden space 205312K, 0% used [0x00000000d6380000,0x00000000d6380000,0x00000000e2c00000)
  from space 15360K, 0% used [0x00000000e2c00000,0x00000000e2c00000,0x00000000e3b00000)
  to   space 17408K, 0% used [0x00000000e8880000,0x00000000e8880000,0x00000000e9980000)
 ParOldGen       total 92672K, used 22560K [0x0000000082a00000, 0x0000000088480000, 0x00000000d6380000)
  object space 92672K, 24% used [0x0000000082a00000,0x0000000084008098,0x0000000088480000)
 Metaspace       used 34856K, capacity 35328K, committed 35456K, reserved 1079296K
  class space    used 4575K, capacity 4717K, committed 4736K, reserved 1048576K
}
Event: 3.723 GC heap before
{Heap before GC invocations=12 (full 2):
 PSYoungGen      total 220672K, used 205312K [0x00000000d6380000, 0x00000000e9980000, 0x0000000100000000)
  eden space 205312K, 100% used [0x00000000d6380000,0x00000000e2c00000,0x00000000e2c00000)
  from space 15360K, 0% used [0x00000000e2c00000,0x00000000e2c00000,0x00000000e3b00000)
  to   space 17408K, 0% used [0x00000000e8880000,0x00000000e8880000,0x00000000e9980000)
 ParOldGen       total 92672K, used 22560K [0x0000000082a00000, 0x0000000088480000, 0x00000000d6380000)
  object space 92672K, 24% used [0x0000000082a00000,0x0000000084008098,0x0000000088480000)
 Metaspace       used 43211K, capacity 43778K, committed 44160K, reserved 1087488K
  class space    used 5752K, capacity 5898K, committed 6016K, reserved 1048576K
Event: 3.735 GC heap after
Heap after GC invocations=12 (full 2):
 PSYoungGen      total 286208K, used 15829K [0x00000000d6380000, 0x00000000e9800000, 0x0000000100000000)
  eden space 270336K, 0% used [0x00000000d6380000,0x00000000d6380000,0x00000000e6b80000)
  from space 15872K, 99% used [0x00000000e8880000,0x00000000e97f54d8,0x00000000e9800000)
  to   space 19456K, 0% used [0x00000000e7200000,0x00000000e7200000,0x00000000e8500000)
 ParOldGen       total 92672K, used 22568K [0x0000000082a00000, 0x0000000088480000, 0x00000000d6380000)
  object space 92672K, 24% used [0x0000000082a00000,0x000000008400a098,0x0000000088480000)
 Metaspace       used 43211K, capacity 43778K, committed 44160K, reserved 1087488K
  class space    used 5752K, capacity 5898K, committed 6016K, reserved 1048576K
}
Event: 137.629 GC heap before
{Heap before GC invocations=13 (full 2):
 PSYoungGen      total 286208K, used 286165K [0x00000000d6380000, 0x00000000e9800000, 0x0000000100000000)
  eden space 270336K, 100% used [0x00000000d6380000,0x00000000e6b80000,0x00000000e6b80000)
  from space 15872K, 99% used [0x00000000e8880000,0x00000000e97f54d8,0x00000000e9800000)
  to   space 19456K, 0% used [0x00000000e7200000,0x00000000e7200000,0x00000000e8500000)
 ParOldGen       total 92672K, used 22568K [0x0000000082a00000, 0x0000000088480000, 0x00000000d6380000)
  object space 92672K, 24% used [0x0000000082a00000,0x000000008400a098,0x0000000088480000)
 Metaspace       used 46879K, capacity 47574K, committed 47872K, reserved 1091584K
  class space    used 6210K, capacity 6393K, committed 6400K, reserved 1048576K
Event: 137.647 GC heap after
Heap after GC invocations=13 (full 2):
 PSYoungGen      total 296448K, used 15392K [0x00000000d6380000, 0x00000000edb80000, 0x0000000100000000)
  eden space 276992K, 0% used [0x00000000d6380000,0x00000000d6380000,0x00000000e7200000)
  from space 19456K, 79% used [0x00000000e7200000,0x00000000e81081b0,0x00000000e8500000)
  to   space 20480K, 0% used [0x00000000ec780000,0x00000000ec780000,0x00000000edb80000)
 ParOldGen       total 92672K, used 22576K [0x0000000082a00000, 0x0000000088480000, 0x00000000d6380000)
  object space 92672K, 24% used [0x0000000082a00000,0x000000008400c098,0x0000000088480000)
 Metaspace       used 46879K, capacity 47574K, committed 47872K, reserved 1091584K
  class space    used 6210K, capacity 6393K, committed 6400K, reserved 1048576K
}

Deoptimization events (0 events):
No events

Classes redefined (0 events):
No events

Internal exceptions (10 events):
Event: 12.210 Thread 0x000001d182be3800 Exception <a 'java/lang/ClassNotFoundException': org/springframework/web/servlet/RequestToViewNameTranslatorCustomizer> (0x00000000dab9fe18) thrown at [C:\jenkins\workspace\8-2-build-windows-amd64-cygwin\jdk8u261\295\hotspot\src\share\vm\classfile\systemD
Event: 12.212 Thread 0x000001d182be3800 Exception <a 'java/lang/ClassNotFoundException': java/lang/ObjectCustomizer> (0x00000000dabde228) thrown at [C:\jenkins\workspace\8-2-build-windows-amd64-cygwin\jdk8u261\295\hotspot\src\share\vm\classfile\systemDictionary.cpp, line 210]
Event: 12.213 Thread 0x000001d182be3800 Exception <a 'java/lang/ClassNotFoundException': org/springframework/web/servlet/support/AbstractFlashMapManagerCustomizer> (0x00000000dac03e08) thrown at [C:\jenkins\workspace\8-2-build-windows-amd64-cygwin\jdk8u261\295\hotspot\src\share\vm\classfile\sys
Event: 12.214 Thread 0x000001d182be3800 Exception <a 'java/lang/ClassNotFoundException': org/springframework/web/servlet/support/SessionFlashMapManagerCustomizer> (0x00000000dac2d868) thrown at [C:\jenkins\workspace\8-2-build-windows-amd64-cygwin\jdk8u261\295\hotspot\src\share\vm\classfile\syst
Event: 12.214 Thread 0x000001d182be3800 Exception <a 'java/lang/ClassNotFoundException': org/springframework/web/servlet/FlashMapManagerCustomizer> (0x00000000dac4d718) thrown at [C:\jenkins\workspace\8-2-build-windows-amd64-cygwin\jdk8u261\295\hotspot\src\share\vm\classfile\systemDictionary.cp
Event: 12.294 Thread 0x000001d184886000 Exception <a 'java/lang/ClassNotFoundException': java/lang/ObjectCustomizer> (0x00000000db47e058) thrown at [C:\jenkins\workspace\8-2-build-windows-amd64-cygwin\jdk8u261\295\hotspot\src\share\vm\classfile\systemDictionary.cpp, line 210]
Event: 12.295 Thread 0x000001d184886000 Exception <a 'java/lang/ClassNotFoundException': com/satya/springbatch/model/UserCustomizer> (0x00000000db49ab00) thrown at [C:\jenkins\workspace\8-2-build-windows-amd64-cygwin\jdk8u261\295\hotspot\src\share\vm\classfile\systemDictionary.cpp, line 210]
Event: 137.655 Thread 0x000001d1fee75800 Exception <a 'java/lang/NullPointerException'> (0x00000000d64d02f8) thrown at [C:\jenkins\workspace\8-2-build-windows-amd64-cygwin\jdk8u261\295\hotspot\src\share\vm\interpreter\linkResolver.cpp, line 1185]
Event: 137.655 Thread 0x000001d1fee75800 Exception <a 'java/lang/NullPointerException'> (0x00000000d64d0500) thrown at [C:\jenkins\workspace\8-2-build-windows-amd64-cygwin\jdk8u261\295\hotspot\src\share\vm\interpreter\linkResolver.cpp, line 1185]
Event: 183.470 Thread 0x000001d184889000 Exception <a 'java/lang/Exception': Exception Occurred> (0x00000000d7562808) thrown at [C:\jenkins\workspace\8-2-build-windows-amd64-cygwin\jdk8u261\295\hotspot\src\share\vm\prims\jni.cpp, line 737]

Events (10 events):
Event: 137.698 Executing VM operation: RevokeBias
Event: 137.698 Executing VM operation: RevokeBias done
Event: 137.698 Executing VM operation: RevokeBias
Event: 137.698 Executing VM operation: RevokeBias done
Event: 137.699 Executing VM operation: RevokeBias
Event: 137.699 Executing VM operation: RevokeBias done
Event: 137.699 loading class java/util/concurrent/ThreadLocalRandom
Event: 137.699 loading class java/util/concurrent/ThreadLocalRandom done
Event: 182.187 loading class org/apache/catalina/Session
Event: 182.187 loading class org/apache/catalina/Session done


Dynamic libraries:
0x00007ff7c2f90000 - 0x00007ff7c2fd7000 	C:\Program Files\Java\jre1.8.0_261\bin\javaw.exe
0x00007fff17450000 - 0x00007fff17646000 	C:\WINDOWS\SYSTEM32\ntdll.dll
0x00007fff15f90000 - 0x00007fff1604d000 	C:\WINDOWS\System32\KERNEL32.DLL
0x00007fff14f10000 - 0x00007fff151d8000 	C:\WINDOWS\System32\KERNELBASE.dll
0x00007fff16310000 - 0x00007fff163ba000 	C:\WINDOWS\System32\ADVAPI32.dll
0x00007fff16140000 - 0x00007fff161de000 	C:\WINDOWS\System32\msvcrt.dll
0x00007fff16b90000 - 0x00007fff16c2b000 	C:\WINDOWS\System32\sechost.dll
0x00007fff16da0000 - 0x00007fff16ec4000 	C:\WINDOWS\System32\RPCRT4.dll
0x00007fff169f0000 - 0x00007fff16b90000 	C:\WINDOWS\System32\USER32.dll
0x00007fff14c50000 - 0x00007fff14c72000 	C:\WINDOWS\System32\win32u.dll
0x00007fff15820000 - 0x00007fff1584a000 	C:\WINDOWS\System32\GDI32.dll
0x00007fff152d0000 - 0x00007fff153d9000 	C:\WINDOWS\System32\gdi32full.dll
0x00007fff151e0000 - 0x00007fff1527d000 	C:\WINDOWS\System32\msvcp_win.dll
0x00007fff14c80000 - 0x00007fff14d80000 	C:\WINDOWS\System32\ucrtbase.dll
0x00007fff05f00000 - 0x00007fff0619b000 	C:\WINDOWS\WinSxS\amd64_microsoft.windows.common-controls_6595b64144ccf1df_6.0.19041.488_none_ca04af081b815d21\COMCTL32.dll
0x00007fff16c30000 - 0x00007fff16c60000 	C:\WINDOWS\System32\IMM32.DLL
0x00007fff085e0000 - 0x00007fff085f5000 	C:\Program Files\Java\jre1.8.0_261\bin\vcruntime140.dll
0x00007ffee6fc0000 - 0x00007ffee705b000 	C:\Program Files\Java\jre1.8.0_261\bin\msvcp140.dll
0x0000000055b40000 - 0x00000000563ac000 	C:\Program Files\Java\jre1.8.0_261\bin\server\jvm.dll
0x00007fff17400000 - 0x00007fff17408000 	C:\WINDOWS\System32\PSAPI.DLL
0x00007fff0c470000 - 0x00007fff0c47a000 	C:\WINDOWS\SYSTEM32\VERSION.dll
0x00007ffefd110000 - 0x00007ffefd119000 	C:\WINDOWS\SYSTEM32\WSOCK32.dll
0x00007fff027c0000 - 0x00007fff027e7000 	C:\WINDOWS\SYSTEM32\WINMM.dll
0x00007fff16730000 - 0x00007fff1679b000 	C:\WINDOWS\System32\WS2_32.dll
0x00007fff13720000 - 0x00007fff13732000 	C:\WINDOWS\SYSTEM32\kernel.appcore.dll
0x00007ffefc390000 - 0x00007ffefc3a0000 	C:\Program Files\Java\jre1.8.0_261\bin\verify.dll
0x00007ffee5970000 - 0x00007ffee599b000 	C:\Program Files\Java\jre1.8.0_261\bin\java.dll
0x00007ffed11e0000 - 0x00007ffed11f8000 	C:\Program Files\Java\jre1.8.0_261\bin\zip.dll
0x00007fff15850000 - 0x00007fff15f90000 	C:\WINDOWS\System32\SHELL32.dll
0x00007fff0fb90000 - 0x00007fff10324000 	C:\WINDOWS\SYSTEM32\windows.storage.dll
0x00007fff154c0000 - 0x00007fff15815000 	C:\WINDOWS\System32\combase.dll
0x00007fff145a0000 - 0x00007fff145cc000 	C:\WINDOWS\SYSTEM32\Wldp.dll
0x00007fff16940000 - 0x00007fff169ee000 	C:\WINDOWS\System32\SHCORE.dll
0x00007fff16200000 - 0x00007fff16255000 	C:\WINDOWS\System32\shlwapi.dll
0x00007fff14ad0000 - 0x00007fff14af6000 	C:\WINDOWS\SYSTEM32\profapi.dll
0x00007ffefa9d0000 - 0x00007ffefa9dd000 	C:\Program Files\Java\jre1.8.0_261\bin\management.dll
0x00007ffed11c0000 - 0x00007ffed11dc000 	C:\Program Files\Java\jre1.8.0_261\bin\net.dll
0x00007fff142c0000 - 0x00007fff1432a000 	C:\WINDOWS\system32\mswsock.dll
0x00007ffed11a0000 - 0x00007ffed11b3000 	C:\Program Files\Java\jre1.8.0_261\bin\nio.dll
0x00007ffef4260000 - 0x00007ffef4277000 	C:\WINDOWS\system32\napinsp.dll
0x00007ffef4240000 - 0x00007ffef425b000 	C:\WINDOWS\system32\pnrpnsp.dll
0x00007ffef4220000 - 0x00007ffef4235000 	C:\WINDOWS\system32\wshbth.dll
0x00007fff0ce40000 - 0x00007fff0ce5d000 	C:\WINDOWS\system32\NLAapi.dll
0x00007fff13fb0000 - 0x00007fff13feb000 	C:\WINDOWS\SYSTEM32\IPHLPAPI.DLL
0x00007fff13ff0000 - 0x00007fff140bb000 	C:\WINDOWS\SYSTEM32\DNSAPI.dll
0x00007fff16c60000 - 0x00007fff16c69000 	C:\WINDOWS\System32\NSI.dll
0x00007ffef4200000 - 0x00007ffef4212000 	C:\WINDOWS\System32\winrnr.dll
0x00007fff0b8c0000 - 0x00007fff0b8ca000 	C:\Windows\System32\rasadhlp.dll
0x00007fff0b580000 - 0x00007fff0b5ff000 	C:\WINDOWS\System32\fwpuclnt.dll
0x00007fff14d80000 - 0x00007fff14da7000 	C:\WINDOWS\System32\bcrypt.dll
0x00007fff14490000 - 0x00007fff144a8000 	C:\WINDOWS\SYSTEM32\CRYPTSP.dll
0x00007fff13c50000 - 0x00007fff13c84000 	C:\WINDOWS\system32\rsaenh.dll
0x00007fff14a50000 - 0x00007fff14a7e000 	C:\WINDOWS\SYSTEM32\USERENV.dll
0x00007fff153e0000 - 0x00007fff1545f000 	C:\WINDOWS\System32\bcryptprimitives.dll
0x00007fff144b0000 - 0x00007fff144bc000 	C:\WINDOWS\SYSTEM32\CRYPTBASE.dll
0x00007fff0b8d0000 - 0x00007fff0b8e7000 	C:\WINDOWS\SYSTEM32\dhcpcsvc6.DLL
0x00007fff0bd40000 - 0x00007fff0bd5d000 	C:\WINDOWS\SYSTEM32\dhcpcsvc.DLL
0x0000000010000000 - 0x0000000010034000 	C:\Users\sivan\.m2\repository\javaxt\javaxt-core\1.7.8\javaxt-core64.dll
0x00007fff0b0b0000 - 0x00007fff0b0cd000 	C:\WINDOWS\SYSTEM32\MPR.dll
0x00007fff054d0000 - 0x00007fff054e8000 	C:\WINDOWS\SYSTEM32\NETAPI32.dll
0x00007fff140c0000 - 0x00007fff140cc000 	C:\WINDOWS\SYSTEM32\NETUTILS.DLL
0x00007ffefce10000 - 0x00007ffefce38000 	C:\WINDOWS\SYSTEM32\SRVCLI.DLL
0x00007fff0f7f0000 - 0x00007fff0f9d4000 	C:\WINDOWS\SYSTEM32\dbghelp.dll

VM Arguments:
jvm_args: -Dcom.sun.management.jmxremote -Dcom.sun.management.jmxremote.port=64037 -Dcom.sun.management.jmxremote.authenticate=false -Dcom.sun.management.jmxremote.ssl=false -Djava.rmi.server.hostname=localhost -Dspring.jmx.enabled=true -Dspring.application.admin.enabled=true -Xverify:none -XX:TieredStopAtLevel=1 -Dspring.boot.project.name=spring-batch-demo -Dfile.encoding=UTF-8 
java_command: com.satya.springbatch.SpringBatchExample1Application --spring.output.ansi.enabled=always
java_class_path (initial): C:\Users\sivan\Downloads\spring-batch-example-1-master\spring-batch-example-1-master\target\classes;C:\Users\sivan\.m2\repository\javaxt\javaxt-core\1.7.8\javaxt-core-1.7.8.jar;C:\Users\sivan\.m2\repository\org\springframework\boot\spring-boot-starter-batch\1.5.14.RELEASE\spring-boot-starter-batch-1.5.14.RELEASE.jar;C:\Users\sivan\.m2\repository\org\springframework\boot\spring-boot-starter\1.5.14.RELEASE\spring-boot-starter-1.5.14.RELEASE.jar;C:\Users\sivan\.m2\repository\org\springframework\boot\spring-boot-starter-logging\1.5.14.RELEASE\spring-boot-starter-logging-1.5.14.RELEASE.jar;C:\Users\sivan\.m2\repository\ch\qos\logback\logback-classic\1.1.11\logback-classic-1.1.11.jar;C:\Users\sivan\.m2\repository\ch\qos\logback\logback-core\1.1.11\logback-core-1.1.11.jar;C:\Users\sivan\.m2\repository\org\slf4j\jul-to-slf4j\1.7.25\jul-to-slf4j-1.7.25.jar;C:\Users\sivan\.m2\repository\org\slf4j\log4j-over-slf4j\1.7.25\log4j-over-slf4j-1.7.25.jar;C:\Users\sivan\.m2\repository\org\yaml\snakeyaml\1.17\snakeyaml-1.17.jar;C:\Users\sivan\.m2\repository\org\springframework\boot\spring-boot-starter-jdbc\1.5.14.RELEASE\spring-boot-starter-jdbc-1.5.14.RELEASE.jar;C:\Users\sivan\.m2\repository\org\apache\tomcat\tomcat-jdbc\8.5.31\tomcat-jdbc-8.5.31.jar;C:\Users\sivan\.m2\repository\org\apache\tomcat\tomcat-juli\8.5.31\tomcat-juli-8.5.31.jar;C:\Users\sivan\.m2\repository\org\springframework\batch\spring-batch-core\3.0.9.RELEASE\spring-batch-core-3.0.9.RELEASE.jar;C:\Users\sivan\.m2\repository\com\ibm\jbatch\com.ibm.jbatch-tck-spi\1.0\com.ibm.jbatch-tck-spi-1.0.jar;C:\Users\sivan\.m2\repository\javax\batch\javax.batch-api\1.0\javax.batch-api-1.0.jar;C:\Users\sivan\.m2\repository\com\thoughtworks\xstream\xstream\1.4.7\xstream-1.4.7.jar;C:\Users\sivan\.m2\repository\xmlpull\xmlpull\1.1.3.1\xmlpull-1.1.3.1.jar;C:\Users\sivan\.m2\repository\xpp3\xpp3_min\1.1.4c\xpp3_min-1.1.4c.jar;C:\Users\sivan\.m2\repository\org\codehaus\jettison\jettison\1.2\jettison-1.2.jar;
Launcher Type: SUN_STANDARD

Environment Variables:
JAVA_HOME=C:\Program Files\Java\jdk1.8.0_261
PATH=C:/Program Files/Java/jre1.8.0_261/bin/server;C:/Program Files/Java/jre1.8.0_261/bin;C:/Program Files/Java/jre1.8.0_261/lib/amd64;C:\satya\product\11.2.0\dbhome_1\bin;D:\app\sivan\product\11.2.0\dbhome_2\bin;D:\app\sivan\product\11.2.0\dbhome_1\bin;C:\Program Files (x86)\Common Files\Oracle\Java\javapath;C:\WINDOWS\system32;C:\WINDOWS;C:\WINDOWS\System32\Wbem;C:\WINDOWS\System32\WindowsPowerShell\v1.0\;C:\WINDOWS\System32\OpenSSH\;C:\Program Files\Java\jdk1.8.0_261\bin;C:\Program Files\MySQL\MySQL Shell 8.0\bin\;C:\Users\sivan\AppData\Local\Microsoft\WindowsApps;;C:\Users\sivan\Downloads\sts-4.7.1.RELEASE;
USERNAME=sivan
OS=Windows_NT
PROCESSOR_IDENTIFIER=Intel64 Family 6 Model 142 Stepping 12, GenuineIntel



---------------  S Y S T E M  ---------------

OS: Windows 10.0 , 64 bit Build 19041 (10.0.19041.546)

CPU:total 8 (initial active 8) (4 cores per cpu, 2 threads per core) family 6 model 142 stepping 12, cmov, cx8, fxsr, mmx, sse, sse2, sse3, ssse3, sse4.1, sse4.2, popcnt, avx, avx2, aes, clmul, erms, 3dnowpref, lzcnt, ht, tsc, tscinvbit, bmi1, bmi2, adx

Memory: 4k page, physical 8215284k(2216924k free), swap 15031028k(5057380k free)

vm_info: Java HotSpot(TM) 64-Bit Server VM (25.261-b12) for windows-amd64 JRE (1.8.0_261-b12), built on Jun 18 2020 06:56:32 by "" with unknown MS VC++:1916

time: Tue Oct 20 19:47:02 2020
timezone: India Standard Time
elapsed time: 183 seconds (0d 0h 3m 3s)

